[2015-08-16 03:16:43] local.ERROR: exception 'Symfony\Component\Debug\Exception\FatalErrorException' with message 'syntax error, unexpected '=>' (T_DOUBLE_ARROW)' in G:\WWW\neuchronicle\app\Http\routes.php:17
Stack trace:
#0 {main}  
[2015-08-16 03:20:57] local.ERROR: exception 'ReflectionException' with message 'Class App\Http\Controllers\HomeController does not exist' in G:\WWW\neuchronicle\vendor\laravel\framework\src\Illuminate\Routing\ControllerInspector.php:32
Stack trace:
#0 G:\WWW\neuchronicle\vendor\laravel\framework\src\Illuminate\Routing\ControllerInspector.php(32): ReflectionClass->__construct('App\\Http\\Contro...')
#1 G:\WWW\neuchronicle\vendor\laravel\framework\src\Illuminate\Routing\Router.php(255): Illuminate\Routing\ControllerInspector->getRoutable('App\\Http\\Contro...', '/')
#2 G:\WWW\neuchronicle\vendor\laravel\framework\src\Illuminate\Support\Facades\Facade.php(213): Illuminate\Routing\Router->controller('/', 'HomeController')
#3 G:\WWW\neuchronicle\app\Http\routes.php(18): Illuminate\Support\Facades\Facade::__callStatic('controller', Array)
#4 G:\WWW\neuchronicle\app\Http\routes.php(18): Illuminate\Support\Facades\Route::controller('/', 'HomeController')
#5 [internal function]: App\Providers\RouteServiceProvider->{closure}(Object(Illuminate\Routing\Router))
#6 G:\WWW\neuchronicle\vendor\laravel\framework\src\Illuminate\Routing\Router.php(350): call_user_func(Object(Closure), Object(Illuminate\Routing\Router))
#7 G:\WWW\neuchronicle\vendor\laravel\framework\src\Illuminate\Support\Facades\Facade.php(213): Illuminate\Routing\Router->group(Array, Object(Closure))
#8 G:\WWW\neuchronicle\app\Http\routes.php(19): Illuminate\Support\Facades\Facade::__callStatic('group', Array)
#9 G:\WWW\neuchronicle\app\Http\routes.php(19): Illuminate\Support\Facades\Route::group(Array, Object(Closure))
#10 G:\WWW\neuchronicle\app\Providers\RouteServiceProvider.php(41): require('G:\\WWW\\neuchron...')
#11 [internal function]: App\Providers\RouteServiceProvider->App\Providers\{closure}(Object(Illuminate\Routing\Router))
#12 G:\WWW\neuchronicle\vendor\laravel\framework\src\Illuminate\Routing\Router.php(350): call_user_func(Object(Closure), Object(Illuminate\Routing\Router))
#13 G:\WWW\neuchronicle\app\Providers\RouteServiceProvider.php(42): Illuminate\Routing\Router->group(Array, Object(Closure))
#14 [internal function]: App\Providers\RouteServiceProvider->map(Object(Illuminate\Routing\Router))
#15 G:\WWW\neuchronicle\vendor\laravel\framework\src\Illuminate\Container\Container.php(502): call_user_func_array(Array, Array)
#16 G:\WWW\neuchronicle\vendor\laravel\framework\src\Illuminate\Foundation\Support\Providers\RouteServiceProvider.php(68): Illuminate\Container\Container->call(Array)
#17 G:\WWW\neuchronicle\vendor\laravel\framework\src\Illuminate\Foundation\Support\Providers\RouteServiceProvider.php(30): Illuminate\Foundation\Support\Providers\RouteServiceProvider->loadRoutes()
#18 G:\WWW\neuchronicle\app\Providers\RouteServiceProvider.php(29): Illuminate\Foundation\Support\Providers\RouteServiceProvider->boot(Object(Illuminate\Routing\Router))
#19 [internal function]: App\Providers\RouteServiceProvider->boot(Object(Illuminate\Routing\Router))
#20 G:\WWW\neuchronicle\vendor\laravel\framework\src\Illuminate\Container\Container.php(502): call_user_func_array(Array, Array)
#21 G:\WWW\neuchronicle\vendor\laravel\framework\src\Illuminate\Foundation\Application.php(734): Illuminate\Container\Container->call(Array)
#22 G:\WWW\neuchronicle\vendor\laravel\framework\src\Illuminate\Foundation\Application.php(717): Illuminate\Foundation\Application->bootProvider(Object(App\Providers\RouteServiceProvider))
#23 [internal function]: Illuminate\Foundation\Application->Illuminate\Foundation\{closure}(Object(App\Providers\RouteServiceProvider), 16)
#24 G:\WWW\neuchronicle\vendor\laravel\framework\src\Illuminate\Foundation\Application.php(718): array_walk(Array, Object(Closure))
#25 G:\WWW\neuchronicle\vendor\laravel\framework\src\Illuminate\Foundation\Bootstrap\BootProviders.php(17): Illuminate\Foundation\Application->boot()
#26 G:\WWW\neuchronicle\vendor\laravel\framework\src\Illuminate\Foundation\Application.php(203): Illuminate\Foundation\Bootstrap\BootProviders->bootstrap(Object(Illuminate\Foundation\Application))
#27 G:\WWW\neuchronicle\vendor\laravel\framework\src\Illuminate\Foundation\Console\Kernel.php(206): Illuminate\Foundation\Application->bootstrapWith(Array)
#28 G:\WWW\neuchronicle\vendor\laravel\framework\src\Illuminate\Foundation\Console\Kernel.php(98): Illuminate\Foundation\Console\Kernel->bootstrap()
#29 G:\WWW\neuchronicle\artisan(36): Illuminate\Foundation\Console\Kernel->handle(Object(Symfony\Component\Console\Input\ArgvInput), Object(Symfony\Component\Console\Output\ConsoleOutput))
#30 {main}  
[2015-08-16 03:21:16] local.ERROR: exception 'ReflectionException' with message 'Class App\Http\Controllers\HomeController does not exist' in G:\WWW\neuchronicle\vendor\laravel\framework\src\Illuminate\Routing\ControllerInspector.php:32
Stack trace:
#0 G:\WWW\neuchronicle\vendor\laravel\framework\src\Illuminate\Routing\ControllerInspector.php(32): ReflectionClass->__construct('App\\Http\\Contro...')
#1 G:\WWW\neuchronicle\vendor\laravel\framework\src\Illuminate\Routing\Router.php(255): Illuminate\Routing\ControllerInspector->getRoutable('App\\Http\\Contro...', '/')
#2 G:\WWW\neuchronicle\vendor\laravel\framework\src\Illuminate\Support\Facades\Facade.php(213): Illuminate\Routing\Router->controller('/', 'HomeController')
#3 G:\WWW\neuchronicle\app\Http\routes.php(18): Illuminate\Support\Facades\Facade::__callStatic('controller', Array)
#4 G:\WWW\neuchronicle\app\Http\routes.php(18): Illuminate\Support\Facades\Route::controller('/', 'HomeController')
#5 [internal function]: App\Providers\RouteServiceProvider->{closure}(Object(Illuminate\Routing\Router))
#6 G:\WWW\neuchronicle\vendor\laravel\framework\src\Illuminate\Routing\Router.php(350): call_user_func(Object(Closure), Object(Illuminate\Routing\Router))
#7 G:\WWW\neuchronicle\vendor\laravel\framework\src\Illuminate\Support\Facades\Facade.php(213): Illuminate\Routing\Router->group(Array, Object(Closure))
#8 G:\WWW\neuchronicle\app\Http\routes.php(19): Illuminate\Support\Facades\Facade::__callStatic('group', Array)
#9 G:\WWW\neuchronicle\app\Http\routes.php(19): Illuminate\Support\Facades\Route::group(Array, Object(Closure))
#10 G:\WWW\neuchronicle\app\Providers\RouteServiceProvider.php(41): require('G:\\WWW\\neuchron...')
#11 [internal function]: App\Providers\RouteServiceProvider->App\Providers\{closure}(Object(Illuminate\Routing\Router))
#12 G:\WWW\neuchronicle\vendor\laravel\framework\src\Illuminate\Routing\Router.php(350): call_user_func(Object(Closure), Object(Illuminate\Routing\Router))
#13 G:\WWW\neuchronicle\app\Providers\RouteServiceProvider.php(42): Illuminate\Routing\Router->group(Array, Object(Closure))
#14 [internal function]: App\Providers\RouteServiceProvider->map(Object(Illuminate\Routing\Router))
#15 G:\WWW\neuchronicle\vendor\laravel\framework\src\Illuminate\Container\Container.php(502): call_user_func_array(Array, Array)
#16 G:\WWW\neuchronicle\vendor\laravel\framework\src\Illuminate\Foundation\Support\Providers\RouteServiceProvider.php(68): Illuminate\Container\Container->call(Array)
#17 G:\WWW\neuchronicle\vendor\laravel\framework\src\Illuminate\Foundation\Support\Providers\RouteServiceProvider.php(30): Illuminate\Foundation\Support\Providers\RouteServiceProvider->loadRoutes()
#18 G:\WWW\neuchronicle\app\Providers\RouteServiceProvider.php(29): Illuminate\Foundation\Support\Providers\RouteServiceProvider->boot(Object(Illuminate\Routing\Router))
#19 [internal function]: App\Providers\RouteServiceProvider->boot(Object(Illuminate\Routing\Router))
#20 G:\WWW\neuchronicle\vendor\laravel\framework\src\Illuminate\Container\Container.php(502): call_user_func_array(Array, Array)
#21 G:\WWW\neuchronicle\vendor\laravel\framework\src\Illuminate\Foundation\Application.php(734): Illuminate\Container\Container->call(Array)
#22 G:\WWW\neuchronicle\vendor\laravel\framework\src\Illuminate\Foundation\Application.php(717): Illuminate\Foundation\Application->bootProvider(Object(App\Providers\RouteServiceProvider))
#23 [internal function]: Illuminate\Foundation\Application->Illuminate\Foundation\{closure}(Object(App\Providers\RouteServiceProvider), 16)
#24 G:\WWW\neuchronicle\vendor\laravel\framework\src\Illuminate\Foundation\Application.php(718): array_walk(Array, Object(Closure))
#25 G:\WWW\neuchronicle\vendor\laravel\framework\src\Illuminate\Foundation\Bootstrap\BootProviders.php(17): Illuminate\Foundation\Application->boot()
#26 G:\WWW\neuchronicle\vendor\laravel\framework\src\Illuminate\Foundation\Application.php(203): Illuminate\Foundation\Bootstrap\BootProviders->bootstrap(Object(Illuminate\Foundation\Application))
#27 G:\WWW\neuchronicle\vendor\laravel\framework\src\Illuminate\Foundation\Console\Kernel.php(206): Illuminate\Foundation\Application->bootstrapWith(Array)
#28 G:\WWW\neuchronicle\vendor\laravel\framework\src\Illuminate\Foundation\Console\Kernel.php(98): Illuminate\Foundation\Console\Kernel->bootstrap()
#29 G:\WWW\neuchronicle\artisan(36): Illuminate\Foundation\Console\Kernel->handle(Object(Symfony\Component\Console\Input\ArgvInput), Object(Symfony\Component\Console\Output\ConsoleOutput))
#30 {main}  
[2015-08-16 03:21:20] local.ERROR: exception 'ReflectionException' with message 'Class App\Http\Controllers\HomeController does not exist' in G:\WWW\neuchronicle\vendor\laravel\framework\src\Illuminate\Routing\ControllerInspector.php:32
Stack trace:
#0 G:\WWW\neuchronicle\vendor\laravel\framework\src\Illuminate\Routing\ControllerInspector.php(32): ReflectionClass->__construct('App\\Http\\Contro...')
#1 G:\WWW\neuchronicle\vendor\laravel\framework\src\Illuminate\Routing\Router.php(255): Illuminate\Routing\ControllerInspector->getRoutable('App\\Http\\Contro...', '/')
#2 G:\WWW\neuchronicle\vendor\laravel\framework\src\Illuminate\Support\Facades\Facade.php(213): Illuminate\Routing\Router->controller('/', 'HomeController')
#3 G:\WWW\neuchronicle\app\Http\routes.php(18): Illuminate\Support\Facades\Facade::__callStatic('controller', Array)
#4 G:\WWW\neuchronicle\app\Http\routes.php(18): Illuminate\Support\Facades\Route::controller('/', 'HomeController')
#5 [internal function]: App\Providers\RouteServiceProvider->{closure}(Object(Illuminate\Routing\Router))
#6 G:\WWW\neuchronicle\vendor\laravel\framework\src\Illuminate\Routing\Router.php(350): call_user_func(Object(Closure), Object(Illuminate\Routing\Router))
#7 G:\WWW\neuchronicle\vendor\laravel\framework\src\Illuminate\Support\Facades\Facade.php(213): Illuminate\Routing\Router->group(Array, Object(Closure))
#8 G:\WWW\neuchronicle\app\Http\routes.php(19): Illuminate\Support\Facades\Facade::__callStatic('group', Array)
#9 G:\WWW\neuchronicle\app\Http\routes.php(19): Illuminate\Support\Facades\Route::group(Array, Object(Closure))
#10 G:\WWW\neuchronicle\app\Providers\RouteServiceProvider.php(41): require('G:\\WWW\\neuchron...')
#11 [internal function]: App\Providers\RouteServiceProvider->App\Providers\{closure}(Object(Illuminate\Routing\Router))
#12 G:\WWW\neuchronicle\vendor\laravel\framework\src\Illuminate\Routing\Router.php(350): call_user_func(Object(Closure), Object(Illuminate\Routing\Router))
#13 G:\WWW\neuchronicle\app\Providers\RouteServiceProvider.php(42): Illuminate\Routing\Router->group(Array, Object(Closure))
#14 [internal function]: App\Providers\RouteServiceProvider->map(Object(Illuminate\Routing\Router))
#15 G:\WWW\neuchronicle\vendor\laravel\framework\src\Illuminate\Container\Container.php(502): call_user_func_array(Array, Array)
#16 G:\WWW\neuchronicle\vendor\laravel\framework\src\Illuminate\Foundation\Support\Providers\RouteServiceProvider.php(68): Illuminate\Container\Container->call(Array)
#17 G:\WWW\neuchronicle\vendor\laravel\framework\src\Illuminate\Foundation\Support\Providers\RouteServiceProvider.php(30): Illuminate\Foundation\Support\Providers\RouteServiceProvider->loadRoutes()
#18 G:\WWW\neuchronicle\app\Providers\RouteServiceProvider.php(29): Illuminate\Foundation\Support\Providers\RouteServiceProvider->boot(Object(Illuminate\Routing\Router))
#19 [internal function]: App\Providers\RouteServiceProvider->boot(Object(Illuminate\Routing\Router))
#20 G:\WWW\neuchronicle\vendor\laravel\framework\src\Illuminate\Container\Container.php(502): call_user_func_array(Array, Array)
#21 G:\WWW\neuchronicle\vendor\laravel\framework\src\Illuminate\Foundation\Application.php(734): Illuminate\Container\Container->call(Array)
#22 G:\WWW\neuchronicle\vendor\laravel\framework\src\Illuminate\Foundation\Application.php(717): Illuminate\Foundation\Application->bootProvider(Object(App\Providers\RouteServiceProvider))
#23 [internal function]: Illuminate\Foundation\Application->Illuminate\Foundation\{closure}(Object(App\Providers\RouteServiceProvider), 16)
#24 G:\WWW\neuchronicle\vendor\laravel\framework\src\Illuminate\Foundation\Application.php(718): array_walk(Array, Object(Closure))
#25 G:\WWW\neuchronicle\vendor\laravel\framework\src\Illuminate\Foundation\Bootstrap\BootProviders.php(17): Illuminate\Foundation\Application->boot()
#26 G:\WWW\neuchronicle\vendor\laravel\framework\src\Illuminate\Foundation\Application.php(203): Illuminate\Foundation\Bootstrap\BootProviders->bootstrap(Object(Illuminate\Foundation\Application))
#27 G:\WWW\neuchronicle\vendor\laravel\framework\src\Illuminate\Foundation\Console\Kernel.php(206): Illuminate\Foundation\Application->bootstrapWith(Array)
#28 G:\WWW\neuchronicle\vendor\laravel\framework\src\Illuminate\Foundation\Console\Kernel.php(98): Illuminate\Foundation\Console\Kernel->bootstrap()
#29 G:\WWW\neuchronicle\artisan(36): Illuminate\Foundation\Console\Kernel->handle(Object(Symfony\Component\Console\Input\ArgvInput), Object(Symfony\Component\Console\Output\ConsoleOutput))
#30 {main}  
[2015-08-16 03:40:17] local.ERROR: exception 'InvalidArgumentException' with message 'View [view.home.top] not found.' in G:\WWW\neuchronicle\vendor\laravel\framework\src\Illuminate\View\FileViewFinder.php:137
Stack trace:
#0 G:\WWW\neuchronicle\vendor\laravel\framework\src\Illuminate\View\FileViewFinder.php(79): Illuminate\View\FileViewFinder->findInPaths('view.home.top', Array)
#1 G:\WWW\neuchronicle\vendor\laravel\framework\src\Illuminate\View\Factory.php(151): Illuminate\View\FileViewFinder->find('view.home.top')
#2 G:\WWW\neuchronicle\storage\framework\views\82e5150b946890e6f82d046bf2a3081b(1): Illuminate\View\Factory->make('view.home.top', Array)
#3 G:\WWW\neuchronicle\vendor\laravel\framework\src\Illuminate\View\Engines\PhpEngine.php(42): include('G:\\WWW\\neuchron...')
#4 G:\WWW\neuchronicle\vendor\laravel\framework\src\Illuminate\View\Engines\CompilerEngine.php(58): Illuminate\View\Engines\PhpEngine->evaluatePath('G:\\WWW\\neuchron...', Array)
#5 G:\WWW\neuchronicle\vendor\laravel\framework\src\Illuminate\View\View.php(138): Illuminate\View\Engines\CompilerEngine->get('G:\\WWW\\neuchron...', Array)
#6 G:\WWW\neuchronicle\vendor\laravel\framework\src\Illuminate\View\View.php(107): Illuminate\View\View->getContents()
#7 G:\WWW\neuchronicle\vendor\laravel\framework\src\Illuminate\View\View.php(81): Illuminate\View\View->renderContents()
#8 G:\WWW\neuchronicle\vendor\laravel\framework\src\Illuminate\Http\Response.php(51): Illuminate\View\View->render()
#9 G:\WWW\neuchronicle\vendor\symfony\http-foundation\Response.php(202): Illuminate\Http\Response->setContent(Object(Illuminate\View\View))
#10 G:\WWW\neuchronicle\vendor\laravel\framework\src\Illuminate\Routing\Router.php(1225): Symfony\Component\HttpFoundation\Response->__construct(Object(Illuminate\View\View))
#11 G:\WWW\neuchronicle\vendor\laravel\framework\src\Illuminate\Routing\ControllerDispatcher.php(113): Illuminate\Routing\Router->prepareResponse(Object(Illuminate\Http\Request), Object(Illuminate\View\View))
#12 [internal function]: Illuminate\Routing\ControllerDispatcher->Illuminate\Routing\{closure}(Object(Illuminate\Http\Request))
#13 G:\WWW\neuchronicle\vendor\laravel\framework\src\Illuminate\Pipeline\Pipeline.php(139): call_user_func(Object(Closure), Object(Illuminate\Http\Request))
#14 [internal function]: Illuminate\Pipeline\Pipeline->Illuminate\Pipeline\{closure}(Object(Illuminate\Http\Request))
#15 G:\WWW\neuchronicle\vendor\laravel\framework\src\Illuminate\Pipeline\Pipeline.php(103): call_user_func(Object(Closure), Object(Illuminate\Http\Request))
#16 G:\WWW\neuchronicle\vendor\laravel\framework\src\Illuminate\Routing\ControllerDispatcher.php(114): Illuminate\Pipeline\Pipeline->then(Object(Closure))
#17 G:\WWW\neuchronicle\vendor\laravel\framework\src\Illuminate\Routing\ControllerDispatcher.php(69): Illuminate\Routing\ControllerDispatcher->callWithinStack(Object(App\Http\Controllers\HomeController), Object(Illuminate\Routing\Route), Object(Illuminate\Http\Request), 'getIndex')
#18 G:\WWW\neuchronicle\vendor\laravel\framework\src\Illuminate\Routing\Route.php(201): Illuminate\Routing\ControllerDispatcher->dispatch(Object(Illuminate\Routing\Route), Object(Illuminate\Http\Request), 'App\\Http\\Contro...', 'getIndex')
#19 G:\WWW\neuchronicle\vendor\laravel\framework\src\Illuminate\Routing\Route.php(134): Illuminate\Routing\Route->runWithCustomDispatcher(Object(Illuminate\Http\Request))
#20 G:\WWW\neuchronicle\vendor\laravel\framework\src\Illuminate\Routing\Router.php(704): Illuminate\Routing\Route->run(Object(Illuminate\Http\Request))
#21 [internal function]: Illuminate\Routing\Router->Illuminate\Routing\{closure}(Object(Illuminate\Http\Request))
#22 G:\WWW\neuchronicle\vendor\laravel\framework\src\Illuminate\Pipeline\Pipeline.php(139): call_user_func(Object(Closure), Object(Illuminate\Http\Request))
#23 [internal function]: Illuminate\Pipeline\Pipeline->Illuminate\Pipeline\{closure}(Object(Illuminate\Http\Request))
#24 G:\WWW\neuchronicle\vendor\laravel\framework\src\Illuminate\Pipeline\Pipeline.php(103): call_user_func(Object(Closure), Object(Illuminate\Http\Request))
#25 G:\WWW\neuchronicle\vendor\laravel\framework\src\Illuminate\Routing\Router.php(706): Illuminate\Pipeline\Pipeline->then(Object(Closure))
#26 G:\WWW\neuchronicle\vendor\laravel\framework\src\Illuminate\Routing\Router.php(671): Illuminate\Routing\Router->runRouteWithinStack(Object(Illuminate\Routing\Route), Object(Illuminate\Http\Request))
#27 G:\WWW\neuchronicle\vendor\laravel\framework\src\Illuminate\Routing\Router.php(631): Illuminate\Routing\Router->dispatchToRoute(Object(Illuminate\Http\Request))
#28 G:\WWW\neuchronicle\vendor\laravel\framework\src\Illuminate\Foundation\Http\Kernel.php(236): Illuminate\Routing\Router->dispatch(Object(Illuminate\Http\Request))
#29 [internal function]: Illuminate\Foundation\Http\Kernel->Illuminate\Foundation\Http\{closure}(Object(Illuminate\Http\Request))
#30 G:\WWW\neuchronicle\vendor\laravel\framework\src\Illuminate\Pipeline\Pipeline.php(139): call_user_func(Object(Closure), Object(Illuminate\Http\Request))
#31 G:\WWW\neuchronicle\vendor\laravel\framework\src\Illuminate\Foundation\Http\Middleware\VerifyCsrfToken.php(50): Illuminate\Pipeline\Pipeline->Illuminate\Pipeline\{closure}(Object(Illuminate\Http\Request))
#32 [internal function]: Illuminate\Foundation\Http\Middleware\VerifyCsrfToken->handle(Object(Illuminate\Http\Request), Object(Closure))
#33 G:\WWW\neuchronicle\vendor\laravel\framework\src\Illuminate\Pipeline\Pipeline.php(124): call_user_func_array(Array, Array)
#34 G:\WWW\neuchronicle\vendor\laravel\framework\src\Illuminate\View\Middleware\ShareErrorsFromSession.php(54): Illuminate\Pipeline\Pipeline->Illuminate\Pipeline\{closure}(Object(Illuminate\Http\Request))
#35 [internal function]: Illuminate\View\Middleware\ShareErrorsFromSession->handle(Object(Illuminate\Http\Request), Object(Closure))
#36 G:\WWW\neuchronicle\vendor\laravel\framework\src\Illuminate\Pipeline\Pipeline.php(124): call_user_func_array(Array, Array)
#37 G:\WWW\neuchronicle\vendor\laravel\framework\src\Illuminate\Session\Middleware\StartSession.php(62): Illuminate\Pipeline\Pipeline->Illuminate\Pipeline\{closure}(Object(Illuminate\Http\Request))
#38 [internal function]: Illuminate\Session\Middleware\StartSession->handle(Object(Illuminate\Http\Request), Object(Closure))
#39 G:\WWW\neuchronicle\vendor\laravel\framework\src\Illuminate\Pipeline\Pipeline.php(124): call_user_func_array(Array, Array)
#40 G:\WWW\neuchronicle\vendor\laravel\framework\src\Illuminate\Cookie\Middleware\AddQueuedCookiesToResponse.php(37): Illuminate\Pipeline\Pipeline->Illuminate\Pipeline\{closure}(Object(Illuminate\Http\Request))
#41 [internal function]: Illuminate\Cookie\Middleware\AddQueuedCookiesToResponse->handle(Object(Illuminate\Http\Request), Object(Closure))
#42 G:\WWW\neuchronicle\vendor\laravel\framework\src\Illuminate\Pipeline\Pipeline.php(124): call_user_func_array(Array, Array)
#43 G:\WWW\neuchronicle\vendor\laravel\framework\src\Illuminate\Cookie\Middleware\EncryptCookies.php(59): Illuminate\Pipeline\Pipeline->Illuminate\Pipeline\{closure}(Object(Illuminate\Http\Request))
#44 [internal function]: Illuminate\Cookie\Middleware\EncryptCookies->handle(Object(Illuminate\Http\Request), Object(Closure))
#45 G:\WWW\neuchronicle\vendor\laravel\framework\src\Illuminate\Pipeline\Pipeline.php(124): call_user_func_array(Array, Array)
#46 G:\WWW\neuchronicle\vendor\laravel\framework\src\Illuminate\Foundation\Http\Middleware\CheckForMaintenanceMode.php(42): Illuminate\Pipeline\Pipeline->Illuminate\Pipeline\{closure}(Object(Illuminate\Http\Request))
#47 [internal function]: Illuminate\Foundation\Http\Middleware\CheckForMaintenanceMode->handle(Object(Illuminate\Http\Request), Object(Closure))
#48 G:\WWW\neuchronicle\vendor\laravel\framework\src\Illuminate\Pipeline\Pipeline.php(124): call_user_func_array(Array, Array)
#49 [internal function]: Illuminate\Pipeline\Pipeline->Illuminate\Pipeline\{closure}(Object(Illuminate\Http\Request))
#50 G:\WWW\neuchronicle\vendor\laravel\framework\src\Illuminate\Pipeline\Pipeline.php(103): call_user_func(Object(Closure), Object(Illuminate\Http\Request))
#51 G:\WWW\neuchronicle\vendor\laravel\framework\src\Illuminate\Foundation\Http\Kernel.php(122): Illuminate\Pipeline\Pipeline->then(Object(Closure))
#52 G:\WWW\neuchronicle\vendor\laravel\framework\src\Illuminate\Foundation\Http\Kernel.php(87): Illuminate\Foundation\Http\Kernel->sendRequestThroughRouter(Object(Illuminate\Http\Request))
#53 G:\WWW\neuchronicle\public\index.php(54): Illuminate\Foundation\Http\Kernel->handle(Object(Illuminate\Http\Request))
#54 G:\WWW\neuchronicle\server.php(21): require_once('G:\\WWW\\neuchron...')
#55 {main}

Next exception 'ErrorException' with message 'View [view.home.top] not found. (View: G:\WWW\neuchronicle\resources\views\home\main.blade.php)' in G:\WWW\neuchronicle\vendor\laravel\framework\src\Illuminate\View\FileViewFinder.php:137
Stack trace:
#0 G:\WWW\neuchronicle\vendor\laravel\framework\src\Illuminate\View\Engines\PhpEngine.php(44): Illuminate\View\Engines\CompilerEngine->handleViewException(Object(InvalidArgumentException), 1)
#1 G:\WWW\neuchronicle\vendor\laravel\framework\src\Illuminate\View\Engines\CompilerEngine.php(58): Illuminate\View\Engines\PhpEngine->evaluatePath('G:\\WWW\\neuchron...', Array)
#2 G:\WWW\neuchronicle\vendor\laravel\framework\src\Illuminate\View\View.php(138): Illuminate\View\Engines\CompilerEngine->get('G:\\WWW\\neuchron...', Array)
#3 G:\WWW\neuchronicle\vendor\laravel\framework\src\Illuminate\View\View.php(107): Illuminate\View\View->getContents()
#4 G:\WWW\neuchronicle\vendor\laravel\framework\src\Illuminate\View\View.php(81): Illuminate\View\View->renderContents()
#5 G:\WWW\neuchronicle\vendor\laravel\framework\src\Illuminate\Http\Response.php(51): Illuminate\View\View->render()
#6 G:\WWW\neuchronicle\vendor\symfony\http-foundation\Response.php(202): Illuminate\Http\Response->setContent(Object(Illuminate\View\View))
#7 G:\WWW\neuchronicle\vendor\laravel\framework\src\Illuminate\Routing\Router.php(1225): Symfony\Component\HttpFoundation\Response->__construct(Object(Illuminate\View\View))
#8 G:\WWW\neuchronicle\vendor\laravel\framework\src\Illuminate\Routing\ControllerDispatcher.php(113): Illuminate\Routing\Router->prepareResponse(Object(Illuminate\Http\Request), Object(Illuminate\View\View))
#9 [internal function]: Illuminate\Routing\ControllerDispatcher->Illuminate\Routing\{closure}(Object(Illuminate\Http\Request))
#10 G:\WWW\neuchronicle\vendor\laravel\framework\src\Illuminate\Pipeline\Pipeline.php(139): call_user_func(Object(Closure), Object(Illuminate\Http\Request))
#11 [internal function]: Illuminate\Pipeline\Pipeline->Illuminate\Pipeline\{closure}(Object(Illuminate\Http\Request))
#12 G:\WWW\neuchronicle\vendor\laravel\framework\src\Illuminate\Pipeline\Pipeline.php(103): call_user_func(Object(Closure), Object(Illuminate\Http\Request))
#13 G:\WWW\neuchronicle\vendor\laravel\framework\src\Illuminate\Routing\ControllerDispatcher.php(114): Illuminate\Pipeline\Pipeline->then(Object(Closure))
#14 G:\WWW\neuchronicle\vendor\laravel\framework\src\Illuminate\Routing\ControllerDispatcher.php(69): Illuminate\Routing\ControllerDispatcher->callWithinStack(Object(App\Http\Controllers\HomeController), Object(Illuminate\Routing\Route), Object(Illuminate\Http\Request), 'getIndex')
#15 G:\WWW\neuchronicle\vendor\laravel\framework\src\Illuminate\Routing\Route.php(201): Illuminate\Routing\ControllerDispatcher->dispatch(Object(Illuminate\Routing\Route), Object(Illuminate\Http\Request), 'App\\Http\\Contro...', 'getIndex')
#16 G:\WWW\neuchronicle\vendor\laravel\framework\src\Illuminate\Routing\Route.php(134): Illuminate\Routing\Route->runWithCustomDispatcher(Object(Illuminate\Http\Request))
#17 G:\WWW\neuchronicle\vendor\laravel\framework\src\Illuminate\Routing\Router.php(704): Illuminate\Routing\Route->run(Object(Illuminate\Http\Request))
#18 [internal function]: Illuminate\Routing\Router->Illuminate\Routing\{closure}(Object(Illuminate\Http\Request))
#19 G:\WWW\neuchronicle\vendor\laravel\framework\src\Illuminate\Pipeline\Pipeline.php(139): call_user_func(Object(Closure), Object(Illuminate\Http\Request))
#20 [internal function]: Illuminate\Pipeline\Pipeline->Illuminate\Pipeline\{closure}(Object(Illuminate\Http\Request))
#21 G:\WWW\neuchronicle\vendor\laravel\framework\src\Illuminate\Pipeline\Pipeline.php(103): call_user_func(Object(Closure), Object(Illuminate\Http\Request))
#22 G:\WWW\neuchronicle\vendor\laravel\framework\src\Illuminate\Routing\Router.php(706): Illuminate\Pipeline\Pipeline->then(Object(Closure))
#23 G:\WWW\neuchronicle\vendor\laravel\framework\src\Illuminate\Routing\Router.php(671): Illuminate\Routing\Router->runRouteWithinStack(Object(Illuminate\Routing\Route), Object(Illuminate\Http\Request))
#24 G:\WWW\neuchronicle\vendor\laravel\framework\src\Illuminate\Routing\Router.php(631): Illuminate\Routing\Router->dispatchToRoute(Object(Illuminate\Http\Request))
#25 G:\WWW\neuchronicle\vendor\laravel\framework\src\Illuminate\Foundation\Http\Kernel.php(236): Illuminate\Routing\Router->dispatch(Object(Illuminate\Http\Request))
#26 [internal function]: Illuminate\Foundation\Http\Kernel->Illuminate\Foundation\Http\{closure}(Object(Illuminate\Http\Request))
#27 G:\WWW\neuchronicle\vendor\laravel\framework\src\Illuminate\Pipeline\Pipeline.php(139): call_user_func(Object(Closure), Object(Illuminate\Http\Request))
#28 G:\WWW\neuchronicle\vendor\laravel\framework\src\Illuminate\Foundation\Http\Middleware\VerifyCsrfToken.php(50): Illuminate\Pipeline\Pipeline->Illuminate\Pipeline\{closure}(Object(Illuminate\Http\Request))
#29 [internal function]: Illuminate\Foundation\Http\Middleware\VerifyCsrfToken->handle(Object(Illuminate\Http\Request), Object(Closure))
#30 G:\WWW\neuchronicle\vendor\laravel\framework\src\Illuminate\Pipeline\Pipeline.php(124): call_user_func_array(Array, Array)
#31 G:\WWW\neuchronicle\vendor\laravel\framework\src\Illuminate\View\Middleware\ShareErrorsFromSession.php(54): Illuminate\Pipeline\Pipeline->Illuminate\Pipeline\{closure}(Object(Illuminate\Http\Request))
#32 [internal function]: Illuminate\View\Middleware\ShareErrorsFromSession->handle(Object(Illuminate\Http\Request), Object(Closure))
#33 G:\WWW\neuchronicle\vendor\laravel\framework\src\Illuminate\Pipeline\Pipeline.php(124): call_user_func_array(Array, Array)
#34 G:\WWW\neuchronicle\vendor\laravel\framework\src\Illuminate\Session\Middleware\StartSession.php(62): Illuminate\Pipeline\Pipeline->Illuminate\Pipeline\{closure}(Object(Illuminate\Http\Request))
#35 [internal function]: Illuminate\Session\Middleware\StartSession->handle(Object(Illuminate\Http\Request), Object(Closure))
#36 G:\WWW\neuchronicle\vendor\laravel\framework\src\Illuminate\Pipeline\Pipeline.php(124): call_user_func_array(Array, Array)
#37 G:\WWW\neuchronicle\vendor\laravel\framework\src\Illuminate\Cookie\Middleware\AddQueuedCookiesToResponse.php(37): Illuminate\Pipeline\Pipeline->Illuminate\Pipeline\{closure}(Object(Illuminate\Http\Request))
#38 [internal function]: Illuminate\Cookie\Middleware\AddQueuedCookiesToResponse->handle(Object(Illuminate\Http\Request), Object(Closure))
#39 G:\WWW\neuchronicle\vendor\laravel\framework\src\Illuminate\Pipeline\Pipeline.php(124): call_user_func_array(Array, Array)
#40 G:\WWW\neuchronicle\vendor\laravel\framework\src\Illuminate\Cookie\Middleware\EncryptCookies.php(59): Illuminate\Pipeline\Pipeline->Illuminate\Pipeline\{closure}(Object(Illuminate\Http\Request))
#41 [internal function]: Illuminate\Cookie\Middleware\EncryptCookies->handle(Object(Illuminate\Http\Request), Object(Closure))
#42 G:\WWW\neuchronicle\vendor\laravel\framework\src\Illuminate\Pipeline\Pipeline.php(124): call_user_func_array(Array, Array)
#43 G:\WWW\neuchronicle\vendor\laravel\framework\src\Illuminate\Foundation\Http\Middleware\CheckForMaintenanceMode.php(42): Illuminate\Pipeline\Pipeline->Illuminate\Pipeline\{closure}(Object(Illuminate\Http\Request))
#44 [internal function]: Illuminate\Foundation\Http\Middleware\CheckForMaintenanceMode->handle(Object(Illuminate\Http\Request), Object(Closure))
#45 G:\WWW\neuchronicle\vendor\laravel\framework\src\Illuminate\Pipeline\Pipeline.php(124): call_user_func_array(Array, Array)
#46 [internal function]: Illuminate\Pipeline\Pipeline->Illuminate\Pipeline\{closure}(Object(Illuminate\Http\Request))
#47 G:\WWW\neuchronicle\vendor\laravel\framework\src\Illuminate\Pipeline\Pipeline.php(103): call_user_func(Object(Closure), Object(Illuminate\Http\Request))
#48 G:\WWW\neuchronicle\vendor\laravel\framework\src\Illuminate\Foundation\Http\Kernel.php(122): Illuminate\Pipeline\Pipeline->then(Object(Closure))
#49 G:\WWW\neuchronicle\vendor\laravel\framework\src\Illuminate\Foundation\Http\Kernel.php(87): Illuminate\Foundation\Http\Kernel->sendRequestThroughRouter(Object(Illuminate\Http\Request))
#50 G:\WWW\neuchronicle\public\index.php(54): Illuminate\Foundation\Http\Kernel->handle(Object(Illuminate\Http\Request))
#51 G:\WWW\neuchronicle\server.php(21): require_once('G:\\WWW\\neuchron...')
#52 {main}  
[2015-08-16 03:40:32] local.ERROR: exception 'InvalidArgumentException' with message 'View [home.top] not found.' in G:\WWW\neuchronicle\vendor\laravel\framework\src\Illuminate\View\FileViewFinder.php:137
Stack trace:
#0 G:\WWW\neuchronicle\vendor\laravel\framework\src\Illuminate\View\FileViewFinder.php(79): Illuminate\View\FileViewFinder->findInPaths('home.top', Array)
#1 G:\WWW\neuchronicle\vendor\laravel\framework\src\Illuminate\View\Factory.php(151): Illuminate\View\FileViewFinder->find('home.top')
#2 G:\WWW\neuchronicle\storage\framework\views\82e5150b946890e6f82d046bf2a3081b(1): Illuminate\View\Factory->make('home.top', Array)
#3 G:\WWW\neuchronicle\vendor\laravel\framework\src\Illuminate\View\Engines\PhpEngine.php(42): include('G:\\WWW\\neuchron...')
#4 G:\WWW\neuchronicle\vendor\laravel\framework\src\Illuminate\View\Engines\CompilerEngine.php(58): Illuminate\View\Engines\PhpEngine->evaluatePath('G:\\WWW\\neuchron...', Array)
#5 G:\WWW\neuchronicle\vendor\laravel\framework\src\Illuminate\View\View.php(138): Illuminate\View\Engines\CompilerEngine->get('G:\\WWW\\neuchron...', Array)
#6 G:\WWW\neuchronicle\vendor\laravel\framework\src\Illuminate\View\View.php(107): Illuminate\View\View->getContents()
#7 G:\WWW\neuchronicle\vendor\laravel\framework\src\Illuminate\View\View.php(81): Illuminate\View\View->renderContents()
#8 G:\WWW\neuchronicle\vendor\laravel\framework\src\Illuminate\Http\Response.php(51): Illuminate\View\View->render()
#9 G:\WWW\neuchronicle\vendor\symfony\http-foundation\Response.php(202): Illuminate\Http\Response->setContent(Object(Illuminate\View\View))
#10 G:\WWW\neuchronicle\vendor\laravel\framework\src\Illuminate\Routing\Router.php(1225): Symfony\Component\HttpFoundation\Response->__construct(Object(Illuminate\View\View))
#11 G:\WWW\neuchronicle\vendor\laravel\framework\src\Illuminate\Routing\ControllerDispatcher.php(113): Illuminate\Routing\Router->prepareResponse(Object(Illuminate\Http\Request), Object(Illuminate\View\View))
#12 [internal function]: Illuminate\Routing\ControllerDispatcher->Illuminate\Routing\{closure}(Object(Illuminate\Http\Request))
#13 G:\WWW\neuchronicle\vendor\laravel\framework\src\Illuminate\Pipeline\Pipeline.php(139): call_user_func(Object(Closure), Object(Illuminate\Http\Request))
#14 [internal function]: Illuminate\Pipeline\Pipeline->Illuminate\Pipeline\{closure}(Object(Illuminate\Http\Request))
#15 G:\WWW\neuchronicle\vendor\laravel\framework\src\Illuminate\Pipeline\Pipeline.php(103): call_user_func(Object(Closure), Object(Illuminate\Http\Request))
#16 G:\WWW\neuchronicle\vendor\laravel\framework\src\Illuminate\Routing\ControllerDispatcher.php(114): Illuminate\Pipeline\Pipeline->then(Object(Closure))
#17 G:\WWW\neuchronicle\vendor\laravel\framework\src\Illuminate\Routing\ControllerDispatcher.php(69): Illuminate\Routing\ControllerDispatcher->callWithinStack(Object(App\Http\Controllers\HomeController), Object(Illuminate\Routing\Route), Object(Illuminate\Http\Request), 'getIndex')
#18 G:\WWW\neuchronicle\vendor\laravel\framework\src\Illuminate\Routing\Route.php(201): Illuminate\Routing\ControllerDispatcher->dispatch(Object(Illuminate\Routing\Route), Object(Illuminate\Http\Request), 'App\\Http\\Contro...', 'getIndex')
#19 G:\WWW\neuchronicle\vendor\laravel\framework\src\Illuminate\Routing\Route.php(134): Illuminate\Routing\Route->runWithCustomDispatcher(Object(Illuminate\Http\Request))
#20 G:\WWW\neuchronicle\vendor\laravel\framework\src\Illuminate\Routing\Router.php(704): Illuminate\Routing\Route->run(Object(Illuminate\Http\Request))
#21 [internal function]: Illuminate\Routing\Router->Illuminate\Routing\{closure}(Object(Illuminate\Http\Request))
#22 G:\WWW\neuchronicle\vendor\laravel\framework\src\Illuminate\Pipeline\Pipeline.php(139): call_user_func(Object(Closure), Object(Illuminate\Http\Request))
#23 [internal function]: Illuminate\Pipeline\Pipeline->Illuminate\Pipeline\{closure}(Object(Illuminate\Http\Request))
#24 G:\WWW\neuchronicle\vendor\laravel\framework\src\Illuminate\Pipeline\Pipeline.php(103): call_user_func(Object(Closure), Object(Illuminate\Http\Request))
#25 G:\WWW\neuchronicle\vendor\laravel\framework\src\Illuminate\Routing\Router.php(706): Illuminate\Pipeline\Pipeline->then(Object(Closure))
#26 G:\WWW\neuchronicle\vendor\laravel\framework\src\Illuminate\Routing\Router.php(671): Illuminate\Routing\Router->runRouteWithinStack(Object(Illuminate\Routing\Route), Object(Illuminate\Http\Request))
#27 G:\WWW\neuchronicle\vendor\laravel\framework\src\Illuminate\Routing\Router.php(631): Illuminate\Routing\Router->dispatchToRoute(Object(Illuminate\Http\Request))
#28 G:\WWW\neuchronicle\vendor\laravel\framework\src\Illuminate\Foundation\Http\Kernel.php(236): Illuminate\Routing\Router->dispatch(Object(Illuminate\Http\Request))
#29 [internal function]: Illuminate\Foundation\Http\Kernel->Illuminate\Foundation\Http\{closure}(Object(Illuminate\Http\Request))
#30 G:\WWW\neuchronicle\vendor\laravel\framework\src\Illuminate\Pipeline\Pipeline.php(139): call_user_func(Object(Closure), Object(Illuminate\Http\Request))
#31 G:\WWW\neuchronicle\vendor\laravel\framework\src\Illuminate\Foundation\Http\Middleware\VerifyCsrfToken.php(50): Illuminate\Pipeline\Pipeline->Illuminate\Pipeline\{closure}(Object(Illuminate\Http\Request))
#32 [internal function]: Illuminate\Foundation\Http\Middleware\VerifyCsrfToken->handle(Object(Illuminate\Http\Request), Object(Closure))
#33 G:\WWW\neuchronicle\vendor\laravel\framework\src\Illuminate\Pipeline\Pipeline.php(124): call_user_func_array(Array, Array)
#34 G:\WWW\neuchronicle\vendor\laravel\framework\src\Illuminate\View\Middleware\ShareErrorsFromSession.php(54): Illuminate\Pipeline\Pipeline->Illuminate\Pipeline\{closure}(Object(Illuminate\Http\Request))
#35 [internal function]: Illuminate\View\Middleware\ShareErrorsFromSession->handle(Object(Illuminate\Http\Request), Object(Closure))
#36 G:\WWW\neuchronicle\vendor\laravel\framework\src\Illuminate\Pipeline\Pipeline.php(124): call_user_func_array(Array, Array)
#37 G:\WWW\neuchronicle\vendor\laravel\framework\src\Illuminate\Session\Middleware\StartSession.php(62): Illuminate\Pipeline\Pipeline->Illuminate\Pipeline\{closure}(Object(Illuminate\Http\Request))
#38 [internal function]: Illuminate\Session\Middleware\StartSession->handle(Object(Illuminate\Http\Request), Object(Closure))
#39 G:\WWW\neuchronicle\vendor\laravel\framework\src\Illuminate\Pipeline\Pipeline.php(124): call_user_func_array(Array, Array)
#40 G:\WWW\neuchronicle\vendor\laravel\framework\src\Illuminate\Cookie\Middleware\AddQueuedCookiesToResponse.php(37): Illuminate\Pipeline\Pipeline->Illuminate\Pipeline\{closure}(Object(Illuminate\Http\Request))
#41 [internal function]: Illuminate\Cookie\Middleware\AddQueuedCookiesToResponse->handle(Object(Illuminate\Http\Request), Object(Closure))
#42 G:\WWW\neuchronicle\vendor\laravel\framework\src\Illuminate\Pipeline\Pipeline.php(124): call_user_func_array(Array, Array)
#43 G:\WWW\neuchronicle\vendor\laravel\framework\src\Illuminate\Cookie\Middleware\EncryptCookies.php(59): Illuminate\Pipeline\Pipeline->Illuminate\Pipeline\{closure}(Object(Illuminate\Http\Request))
#44 [internal function]: Illuminate\Cookie\Middleware\EncryptCookies->handle(Object(Illuminate\Http\Request), Object(Closure))
#45 G:\WWW\neuchronicle\vendor\laravel\framework\src\Illuminate\Pipeline\Pipeline.php(124): call_user_func_array(Array, Array)
#46 G:\WWW\neuchronicle\vendor\laravel\framework\src\Illuminate\Foundation\Http\Middleware\CheckForMaintenanceMode.php(42): Illuminate\Pipeline\Pipeline->Illuminate\Pipeline\{closure}(Object(Illuminate\Http\Request))
#47 [internal function]: Illuminate\Foundation\Http\Middleware\CheckForMaintenanceMode->handle(Object(Illuminate\Http\Request), Object(Closure))
#48 G:\WWW\neuchronicle\vendor\laravel\framework\src\Illuminate\Pipeline\Pipeline.php(124): call_user_func_array(Array, Array)
#49 [internal function]: Illuminate\Pipeline\Pipeline->Illuminate\Pipeline\{closure}(Object(Illuminate\Http\Request))
#50 G:\WWW\neuchronicle\vendor\laravel\framework\src\Illuminate\Pipeline\Pipeline.php(103): call_user_func(Object(Closure), Object(Illuminate\Http\Request))
#51 G:\WWW\neuchronicle\vendor\laravel\framework\src\Illuminate\Foundation\Http\Kernel.php(122): Illuminate\Pipeline\Pipeline->then(Object(Closure))
#52 G:\WWW\neuchronicle\vendor\laravel\framework\src\Illuminate\Foundation\Http\Kernel.php(87): Illuminate\Foundation\Http\Kernel->sendRequestThroughRouter(Object(Illuminate\Http\Request))
#53 G:\WWW\neuchronicle\public\index.php(54): Illuminate\Foundation\Http\Kernel->handle(Object(Illuminate\Http\Request))
#54 G:\WWW\neuchronicle\server.php(21): require_once('G:\\WWW\\neuchron...')
#55 {main}

Next exception 'ErrorException' with message 'View [home.top] not found. (View: G:\WWW\neuchronicle\resources\views\home\main.blade.php)' in G:\WWW\neuchronicle\vendor\laravel\framework\src\Illuminate\View\FileViewFinder.php:137
Stack trace:
#0 G:\WWW\neuchronicle\vendor\laravel\framework\src\Illuminate\View\Engines\PhpEngine.php(44): Illuminate\View\Engines\CompilerEngine->handleViewException(Object(InvalidArgumentException), 1)
#1 G:\WWW\neuchronicle\vendor\laravel\framework\src\Illuminate\View\Engines\CompilerEngine.php(58): Illuminate\View\Engines\PhpEngine->evaluatePath('G:\\WWW\\neuchron...', Array)
#2 G:\WWW\neuchronicle\vendor\laravel\framework\src\Illuminate\View\View.php(138): Illuminate\View\Engines\CompilerEngine->get('G:\\WWW\\neuchron...', Array)
#3 G:\WWW\neuchronicle\vendor\laravel\framework\src\Illuminate\View\View.php(107): Illuminate\View\View->getContents()
#4 G:\WWW\neuchronicle\vendor\laravel\framework\src\Illuminate\View\View.php(81): Illuminate\View\View->renderContents()
#5 G:\WWW\neuchronicle\vendor\laravel\framework\src\Illuminate\Http\Response.php(51): Illuminate\View\View->render()
#6 G:\WWW\neuchronicle\vendor\symfony\http-foundation\Response.php(202): Illuminate\Http\Response->setContent(Object(Illuminate\View\View))
#7 G:\WWW\neuchronicle\vendor\laravel\framework\src\Illuminate\Routing\Router.php(1225): Symfony\Component\HttpFoundation\Response->__construct(Object(Illuminate\View\View))
#8 G:\WWW\neuchronicle\vendor\laravel\framework\src\Illuminate\Routing\ControllerDispatcher.php(113): Illuminate\Routing\Router->prepareResponse(Object(Illuminate\Http\Request), Object(Illuminate\View\View))
#9 [internal function]: Illuminate\Routing\ControllerDispatcher->Illuminate\Routing\{closure}(Object(Illuminate\Http\Request))
#10 G:\WWW\neuchronicle\vendor\laravel\framework\src\Illuminate\Pipeline\Pipeline.php(139): call_user_func(Object(Closure), Object(Illuminate\Http\Request))
#11 [internal function]: Illuminate\Pipeline\Pipeline->Illuminate\Pipeline\{closure}(Object(Illuminate\Http\Request))
#12 G:\WWW\neuchronicle\vendor\laravel\framework\src\Illuminate\Pipeline\Pipeline.php(103): call_user_func(Object(Closure), Object(Illuminate\Http\Request))
#13 G:\WWW\neuchronicle\vendor\laravel\framework\src\Illuminate\Routing\ControllerDispatcher.php(114): Illuminate\Pipeline\Pipeline->then(Object(Closure))
#14 G:\WWW\neuchronicle\vendor\laravel\framework\src\Illuminate\Routing\ControllerDispatcher.php(69): Illuminate\Routing\ControllerDispatcher->callWithinStack(Object(App\Http\Controllers\HomeController), Object(Illuminate\Routing\Route), Object(Illuminate\Http\Request), 'getIndex')
#15 G:\WWW\neuchronicle\vendor\laravel\framework\src\Illuminate\Routing\Route.php(201): Illuminate\Routing\ControllerDispatcher->dispatch(Object(Illuminate\Routing\Route), Object(Illuminate\Http\Request), 'App\\Http\\Contro...', 'getIndex')
#16 G:\WWW\neuchronicle\vendor\laravel\framework\src\Illuminate\Routing\Route.php(134): Illuminate\Routing\Route->runWithCustomDispatcher(Object(Illuminate\Http\Request))
#17 G:\WWW\neuchronicle\vendor\laravel\framework\src\Illuminate\Routing\Router.php(704): Illuminate\Routing\Route->run(Object(Illuminate\Http\Request))
#18 [internal function]: Illuminate\Routing\Router->Illuminate\Routing\{closure}(Object(Illuminate\Http\Request))
#19 G:\WWW\neuchronicle\vendor\laravel\framework\src\Illuminate\Pipeline\Pipeline.php(139): call_user_func(Object(Closure), Object(Illuminate\Http\Request))
#20 [internal function]: Illuminate\Pipeline\Pipeline->Illuminate\Pipeline\{closure}(Object(Illuminate\Http\Request))
#21 G:\WWW\neuchronicle\vendor\laravel\framework\src\Illuminate\Pipeline\Pipeline.php(103): call_user_func(Object(Closure), Object(Illuminate\Http\Request))
#22 G:\WWW\neuchronicle\vendor\laravel\framework\src\Illuminate\Routing\Router.php(706): Illuminate\Pipeline\Pipeline->then(Object(Closure))
#23 G:\WWW\neuchronicle\vendor\laravel\framework\src\Illuminate\Routing\Router.php(671): Illuminate\Routing\Router->runRouteWithinStack(Object(Illuminate\Routing\Route), Object(Illuminate\Http\Request))
#24 G:\WWW\neuchronicle\vendor\laravel\framework\src\Illuminate\Routing\Router.php(631): Illuminate\Routing\Router->dispatchToRoute(Object(Illuminate\Http\Request))
#25 G:\WWW\neuchronicle\vendor\laravel\framework\src\Illuminate\Foundation\Http\Kernel.php(236): Illuminate\Routing\Router->dispatch(Object(Illuminate\Http\Request))
#26 [internal function]: Illuminate\Foundation\Http\Kernel->Illuminate\Foundation\Http\{closure}(Object(Illuminate\Http\Request))
#27 G:\WWW\neuchronicle\vendor\laravel\framework\src\Illuminate\Pipeline\Pipeline.php(139): call_user_func(Object(Closure), Object(Illuminate\Http\Request))
#28 G:\WWW\neuchronicle\vendor\laravel\framework\src\Illuminate\Foundation\Http\Middleware\VerifyCsrfToken.php(50): Illuminate\Pipeline\Pipeline->Illuminate\Pipeline\{closure}(Object(Illuminate\Http\Request))
#29 [internal function]: Illuminate\Foundation\Http\Middleware\VerifyCsrfToken->handle(Object(Illuminate\Http\Request), Object(Closure))
#30 G:\WWW\neuchronicle\vendor\laravel\framework\src\Illuminate\Pipeline\Pipeline.php(124): call_user_func_array(Array, Array)
#31 G:\WWW\neuchronicle\vendor\laravel\framework\src\Illuminate\View\Middleware\ShareErrorsFromSession.php(54): Illuminate\Pipeline\Pipeline->Illuminate\Pipeline\{closure}(Object(Illuminate\Http\Request))
#32 [internal function]: Illuminate\View\Middleware\ShareErrorsFromSession->handle(Object(Illuminate\Http\Request), Object(Closure))
#33 G:\WWW\neuchronicle\vendor\laravel\framework\src\Illuminate\Pipeline\Pipeline.php(124): call_user_func_array(Array, Array)
#34 G:\WWW\neuchronicle\vendor\laravel\framework\src\Illuminate\Session\Middleware\StartSession.php(62): Illuminate\Pipeline\Pipeline->Illuminate\Pipeline\{closure}(Object(Illuminate\Http\Request))
#35 [internal function]: Illuminate\Session\Middleware\StartSession->handle(Object(Illuminate\Http\Request), Object(Closure))
#36 G:\WWW\neuchronicle\vendor\laravel\framework\src\Illuminate\Pipeline\Pipeline.php(124): call_user_func_array(Array, Array)
#37 G:\WWW\neuchronicle\vendor\laravel\framework\src\Illuminate\Cookie\Middleware\AddQueuedCookiesToResponse.php(37): Illuminate\Pipeline\Pipeline->Illuminate\Pipeline\{closure}(Object(Illuminate\Http\Request))
#38 [internal function]: Illuminate\Cookie\Middleware\AddQueuedCookiesToResponse->handle(Object(Illuminate\Http\Request), Object(Closure))
#39 G:\WWW\neuchronicle\vendor\laravel\framework\src\Illuminate\Pipeline\Pipeline.php(124): call_user_func_array(Array, Array)
#40 G:\WWW\neuchronicle\vendor\laravel\framework\src\Illuminate\Cookie\Middleware\EncryptCookies.php(59): Illuminate\Pipeline\Pipeline->Illuminate\Pipeline\{closure}(Object(Illuminate\Http\Request))
#41 [internal function]: Illuminate\Cookie\Middleware\EncryptCookies->handle(Object(Illuminate\Http\Request), Object(Closure))
#42 G:\WWW\neuchronicle\vendor\laravel\framework\src\Illuminate\Pipeline\Pipeline.php(124): call_user_func_array(Array, Array)
#43 G:\WWW\neuchronicle\vendor\laravel\framework\src\Illuminate\Foundation\Http\Middleware\CheckForMaintenanceMode.php(42): Illuminate\Pipeline\Pipeline->Illuminate\Pipeline\{closure}(Object(Illuminate\Http\Request))
#44 [internal function]: Illuminate\Foundation\Http\Middleware\CheckForMaintenanceMode->handle(Object(Illuminate\Http\Request), Object(Closure))
#45 G:\WWW\neuchronicle\vendor\laravel\framework\src\Illuminate\Pipeline\Pipeline.php(124): call_user_func_array(Array, Array)
#46 [internal function]: Illuminate\Pipeline\Pipeline->Illuminate\Pipeline\{closure}(Object(Illuminate\Http\Request))
#47 G:\WWW\neuchronicle\vendor\laravel\framework\src\Illuminate\Pipeline\Pipeline.php(103): call_user_func(Object(Closure), Object(Illuminate\Http\Request))
#48 G:\WWW\neuchronicle\vendor\laravel\framework\src\Illuminate\Foundation\Http\Kernel.php(122): Illuminate\Pipeline\Pipeline->then(Object(Closure))
#49 G:\WWW\neuchronicle\vendor\laravel\framework\src\Illuminate\Foundation\Http\Kernel.php(87): Illuminate\Foundation\Http\Kernel->sendRequestThroughRouter(Object(Illuminate\Http\Request))
#50 G:\WWW\neuchronicle\public\index.php(54): Illuminate\Foundation\Http\Kernel->handle(Object(Illuminate\Http\Request))
#51 G:\WWW\neuchronicle\server.php(21): require_once('G:\\WWW\\neuchron...')
#52 {main}  
